Determining if the pthread_create exist failed with the following output:
Change Dir: /home/soo/object_mapping/build/darknet_ros_msgs/CMakeFiles/CMakeTmp

Run Build Command:"/usr/bin/make" "cmTC_2be4a/fast"
/usr/bin/make -f CMakeFiles/cmTC_2be4a.dir/build.make CMakeFiles/cmTC_2be4a.dir/build
make[1]: 디렉터리 '/home/soo/object_mapping/build/darknet_ros_msgs/CMakeFiles/CMakeTmp' 들어감
Building C object CMakeFiles/cmTC_2be4a.dir/CheckSymbolExists.c.o
/usr/bin/cc    -o CMakeFiles/cmTC_2be4a.dir/CheckSymbolExists.c.o   -c /home/soo/object_mapping/build/darknet_ros_msgs/CMakeFiles/CMakeTmp/CheckSymbolExists.c
Linking C executable cmTC_2be4a
/usr/bin/cmake -E cmake_link_script CMakeFiles/cmTC_2be4a.dir/link.txt --verbose=1
/usr/bin/cc      -rdynamic CMakeFiles/cmTC_2be4a.dir/CheckSymbolExists.c.o  -o cmTC_2be4a 
CMakeFiles/cmTC_2be4a.dir/CheckSymbolExists.c.o: In function `main':
CheckSymbolExists.c:(.text+0x1b): undefined reference to `pthread_create'
collect2: error: ld returned 1 exit status
CMakeFiles/cmTC_2be4a.dir/build.make:97: recipe for target 'cmTC_2be4a' failed
make[1]: *** [cmTC_2be4a] Error 1
make[1]: 디렉터리 '/home/soo/object_mapping/build/darknet_ros_msgs/CMakeFiles/CMakeTmp' 나감
Makefile:126: recipe for target 'cmTC_2be4a/fast' failed
make: *** [cmTC_2be4a/fast] Error 2

File /home/soo/object_mapping/build/darknet_ros_msgs/CMakeFiles/CMakeTmp/CheckSymbolExists.c:
/* */
#include <pthread.h>

int main(int argc, char** argv)
{
  (void)argv;
#ifndef pthread_create
  return ((int*)(&pthread_create))[argc];
#else
  (void)argc;
  return 0;
#endif
}

Determining if the function pthread_create exists in the pthreads failed with the following output:
Change Dir: /home/soo/object_mapping/build/darknet_ros_msgs/CMakeFiles/CMakeTmp

Run Build Command:"/usr/bin/make" "cmTC_5a0ef/fast"
/usr/bin/make -f CMakeFiles/cmTC_5a0ef.dir/build.make CMakeFiles/cmTC_5a0ef.dir/build
make[1]: 디렉터리 '/home/soo/object_mapping/build/darknet_ros_msgs/CMakeFiles/CMakeTmp' 들어감
Building C object CMakeFiles/cmTC_5a0ef.dir/CheckFunctionExists.c.o
/usr/bin/cc   -DCHECK_FUNCTION_EXISTS=pthread_create   -o CMakeFiles/cmTC_5a0ef.dir/CheckFunctionExists.c.o   -c /usr/share/cmake-3.10/Modules/CheckFunctionExists.c
Linking C executable cmTC_5a0ef
/usr/bin/cmake -E cmake_link_script CMakeFiles/cmTC_5a0ef.dir/link.txt --verbose=1
/usr/bin/cc  -DCHECK_FUNCTION_EXISTS=pthread_create    -rdynamic CMakeFiles/cmTC_5a0ef.dir/CheckFunctionExists.c.o  -o cmTC_5a0ef -lpthreads 
/usr/bin/ld: cannot find -lpthreads
collect2: error: ld returned 1 exit status
CMakeFiles/cmTC_5a0ef.dir/build.make:97: recipe for target 'cmTC_5a0ef' failed
make[1]: *** [cmTC_5a0ef] Error 1
make[1]: 디렉터리 '/home/soo/object_mapping/build/darknet_ros_msgs/CMakeFiles/CMakeTmp' 나감
Makefile:126: recipe for target 'cmTC_5a0ef/fast' failed
make: *** [cmTC_5a0ef/fast] Error 2


