Not searching for unused variables given on the command line.
-- Darknet path dir = /home/soo/object_mapping/src/darknet_ros/darknet
-- CUDA Version:
-- CUDA Libararies: /usr/local/cuda-11.0/lib64/libcudart_static.a;-lpthread;dl;/usr/lib/x86_64-linux-gnu/librt.so
-- Searching for X11...
--  X11_INCLUDE_DIR: /usr/include
--  X11_LIBRARIES: /usr/lib/x86_64-linux-gnu/libSM.so/usr/lib/x86_64-linux-gnu/libICE.so/usr/lib/x86_64-linux-gnu/libX11.so/usr/lib/x86_64-linux-gnu/libXext.so
-- Boost version: 1.65.1
-- Found the following Boost libraries:
--   thread
--   chrono
--   system
--   date_time
--   atomic
-- Using CATKIN_DEVEL_PREFIX: /home/soo/object_mapping/devel/.private/darknet_ros
-- Using CMAKE_PREFIX_PATH: /home/soo/object_mapping/devel;/home/soo/FlyMeToTheHome/devel;/opt/ros/melodic
-- This workspace overlays: /home/soo/object_mapping/devel;/home/soo/FlyMeToTheHome/devel;/opt/ros/melodic
-- Found PythonInterp: /usr/bin/python2 (found suitable version "2.7.17", minimum required is "2")
-- Using PYTHON_EXECUTABLE: /usr/bin/python2
-- Using Debian Python package layout
-- Using empy: /usr/bin/empy
-- Using CATKIN_ENABLE_TESTING: ON
-- Call enable_testing()
-- Using CATKIN_TEST_RESULTS_DIR: /home/soo/object_mapping/build/darknet_ros/test_results
-- Found gtest sources under '/usr/src/googletest': gtests will be built
-- Found gmock sources under '/usr/src/googletest': gmock will be built
-- Found PythonInterp: /usr/bin/python2 (found version "2.7.17")
-- Using Python nosetests: /usr/bin/nosetests-2.7
-- catkin 0.7.28
-- BUILD_SHARED_LIBS is on
-- Using these message generators: gencpp;geneus;genlisp;gennodejs;genpy
-- Checking and downloading yolov2-tiny.weights if needed ...
-- Checking and downloading yolov3.weights if needed ...
-- Checking and downloading yolov2.weights if needed ...
-- Configuring done
-- Generating done
-- Build files have been written to: /home/soo/object_mapping/build/darknet_ros
