[35m[1mScanning dependencies of target std_msgs_generate_messages_lisp[0m
[35m[1mScanning dependencies of target _darknet_ros_msgs_generate_messages_check_deps_BoundingBoxes[0m
[35m[1mScanning dependencies of target _darknet_ros_msgs_generate_messages_check_deps_CheckForObjectsGoal[0m
[35m[1mScanning dependencies of target _darknet_ros_msgs_generate_messages_check_deps_CheckForObjectsActionFeedback[0m
[  0%] Built target std_msgs_generate_messages_lisp
[35m[1mScanning dependencies of target actionlib_msgs_generate_messages_lisp[0m
[  0%] Built target _darknet_ros_msgs_generate_messages_check_deps_BoundingBoxes
[  0%] Built target _darknet_ros_msgs_generate_messages_check_deps_CheckForObjectsGoal
[  0%] Built target _darknet_ros_msgs_generate_messages_check_deps_CheckForObjectsActionFeedback
[  0%] Built target actionlib_msgs_generate_messages_lisp
[35m[1mScanning dependencies of target _darknet_ros_msgs_generate_messages_check_deps_CheckForObjectsFeedback[0m
[35m[1mScanning dependencies of target _darknet_ros_msgs_generate_messages_check_deps_ObjectCount[0m
[35m[1mScanning dependencies of target geometry_msgs_generate_messages_lisp[0m
[35m[1mScanning dependencies of target _darknet_ros_msgs_generate_messages_check_deps_CheckForObjectsActionResult[0m
[  0%] Built target geometry_msgs_generate_messages_lisp
[35m[1mScanning dependencies of target _darknet_ros_msgs_generate_messages_check_deps_ObjectArray[0m
[  0%] Built target _darknet_ros_msgs_generate_messages_check_deps_CheckForObjectsFeedback
[  0%] Built target _darknet_ros_msgs_generate_messages_check_deps_ObjectCount
[35m[1mScanning dependencies of target sensor_msgs_generate_messages_lisp[0m
[35m[1mScanning dependencies of target _darknet_ros_msgs_generate_messages_check_deps_CheckForObjectsAction[0m
[  0%] Built target _darknet_ros_msgs_generate_messages_check_deps_CheckForObjectsActionResult
[  0%] Built target sensor_msgs_generate_messages_lisp
[  0%] Built target _darknet_ros_msgs_generate_messages_check_deps_ObjectArray
[35m[1mScanning dependencies of target _darknet_ros_msgs_generate_messages_check_deps_ObjectPoint[0m
[35m[1mScanning dependencies of target _darknet_ros_msgs_generate_messages_check_deps_CheckForObjectsResult[0m
[35m[1mScanning dependencies of target _darknet_ros_msgs_generate_messages_check_deps_BoundingBox[0m
[  0%] Built target _darknet_ros_msgs_generate_messages_check_deps_CheckForObjectsAction
[35m[1mScanning dependencies of target _darknet_ros_msgs_generate_messages_check_deps_CheckForObjectsActionGoal[0m
[  0%] Built target _darknet_ros_msgs_generate_messages_check_deps_ObjectPoint
[  0%] Built target _darknet_ros_msgs_generate_messages_check_deps_CheckForObjectsResult
[  0%] Built target _darknet_ros_msgs_generate_messages_check_deps_BoundingBox
[35m[1mScanning dependencies of target std_msgs_generate_messages_py[0m
[35m[1mScanning dependencies of target actionlib_msgs_generate_messages_py[0m
[35m[1mScanning dependencies of target sensor_msgs_generate_messages_py[0m
[  0%] Built target std_msgs_generate_messages_py
[  0%] Built target _darknet_ros_msgs_generate_messages_check_deps_CheckForObjectsActionGoal
[  0%] Built target actionlib_msgs_generate_messages_py
[  0%] Built target sensor_msgs_generate_messages_py
[35m[1mScanning dependencies of target geometry_msgs_generate_messages_py[0m
[35m[1mScanning dependencies of target std_msgs_generate_messages_nodejs[0m
[35m[1mScanning dependencies of target actionlib_msgs_generate_messages_nodejs[0m
[35m[1mScanning dependencies of target geometry_msgs_generate_messages_nodejs[0m
[  0%] Built target geometry_msgs_generate_messages_py
[  0%] Built target actionlib_msgs_generate_messages_nodejs
[  0%] Built target std_msgs_generate_messages_nodejs
[  0%] Built target geometry_msgs_generate_messages_nodejs
[35m[1mScanning dependencies of target std_msgs_generate_messages_cpp[0m
[35m[1mScanning dependencies of target sensor_msgs_generate_messages_cpp[0m
[35m[1mScanning dependencies of target sensor_msgs_generate_messages_nodejs[0m
[35m[1mScanning dependencies of target actionlib_msgs_generate_messages_cpp[0m
[  0%] Built target std_msgs_generate_messages_cpp
[  0%] Built target sensor_msgs_generate_messages_cpp
[  0%] Built target sensor_msgs_generate_messages_nodejs
[  0%] Built target actionlib_msgs_generate_messages_cpp
[35m[1mScanning dependencies of target geometry_msgs_generate_messages_cpp[0m
[35m[1mScanning dependencies of target actionlib_msgs_generate_messages_eus[0m
[35m[1mScanning dependencies of target std_msgs_generate_messages_eus[0m
[35m[1mScanning dependencies of target sensor_msgs_generate_messages_eus[0m
[  0%] Built target geometry_msgs_generate_messages_cpp
[  0%] Built target actionlib_msgs_generate_messages_eus
[  0%] Built target std_msgs_generate_messages_eus
[  0%] Built target sensor_msgs_generate_messages_eus
[35m[1mScanning dependencies of target geometry_msgs_generate_messages_eus[0m
[35m[1mScanning dependencies of target darknet_ros_msgs_generate_messages_lisp[0m
[35m[1mScanning dependencies of target darknet_ros_msgs_generate_messages_nodejs[0m
[35m[1mScanning dependencies of target darknet_ros_msgs_generate_messages_py[0m
[  0%] Built target geometry_msgs_generate_messages_eus
[  3%] [34m[1mGenerating Javascript code from darknet_ros_msgs/CheckForObjectsActionResult.msg[0m
[  3%] [34m[1mGenerating Lisp code from darknet_ros_msgs/CheckForObjectsActionResult.msg[0m
[  4%] [34m[1mGenerating Python from MSG darknet_ros_msgs/CheckForObjectsActionResult[0m
[  6%] [34m[1mGenerating Javascript code from darknet_ros_msgs/CheckForObjectsResult.msg[0m
[  8%] [34m[1mGenerating Python from MSG darknet_ros_msgs/CheckForObjectsResult[0m
[  9%] [34m[1mGenerating Lisp code from darknet_ros_msgs/CheckForObjectsResult.msg[0m
[ 11%] [34m[1mGenerating Javascript code from darknet_ros_msgs/CheckForObjectsAction.msg[0m
[ 12%] [34m[1mGenerating Lisp code from darknet_ros_msgs/CheckForObjectsAction.msg[0m
[ 14%] [34m[1mGenerating Javascript code from darknet_ros_msgs/CheckForObjectsGoal.msg[0m
[ 16%] [34m[1mGenerating Python from MSG darknet_ros_msgs/CheckForObjectsAction[0m
[ 17%] [34m[1mGenerating Javascript code from darknet_ros_msgs/ObjectCount.msg[0m
[ 19%] [34m[1mGenerating Lisp code from darknet_ros_msgs/CheckForObjectsGoal.msg[0m
[ 20%] [34m[1mGenerating Javascript code from darknet_ros_msgs/CheckForObjectsActionGoal.msg[0m
[ 22%] [34m[1mGenerating Lisp code from darknet_ros_msgs/ObjectCount.msg[0m
[ 24%] [34m[1mGenerating Javascript code from darknet_ros_msgs/ObjectPoint.msg[0m
[35m[1mScanning dependencies of target darknet_ros_msgs_generate_messages_cpp[0m
[ 25%] [34m[1mGenerating C++ code from darknet_ros_msgs/CheckForObjectsActionResult.msg[0m
[ 27%] [34m[1mGenerating Python from MSG darknet_ros_msgs/CheckForObjectsGoal[0m
[ 29%] [34m[1mGenerating Lisp code from darknet_ros_msgs/CheckForObjectsActionGoal.msg[0m
[ 30%] [34m[1mGenerating Javascript code from darknet_ros_msgs/ObjectArray.msg[0m
[ 33%] [34m[1mGenerating Lisp code from darknet_ros_msgs/ObjectPoint.msg[0m
[ 33%] [34m[1mGenerating Javascript code from darknet_ros_msgs/CheckForObjectsActionFeedback.msg[0m
[ 35%] [34m[1mGenerating Python from MSG darknet_ros_msgs/ObjectCount[0m
[ 37%] [34m[1mGenerating Lisp code from darknet_ros_msgs/ObjectArray.msg[0m
[ 38%] [34m[1mGenerating Javascript code from darknet_ros_msgs/CheckForObjectsFeedback.msg[0m
[ 40%] [34m[1mGenerating C++ code from darknet_ros_msgs/CheckForObjectsResult.msg[0m
[ 43%] [34m[1mGenerating Javascript code from darknet_ros_msgs/BoundingBox.msg[0m
[ 43%] [34m[1mGenerating Lisp code from darknet_ros_msgs/CheckForObjectsActionFeedback.msg[0m
[ 45%] [34m[1mGenerating Python from MSG darknet_ros_msgs/CheckForObjectsActionGoal[0m
[ 46%] [34m[1mGenerating Javascript code from darknet_ros_msgs/BoundingBoxes.msg[0m
[ 48%] [34m[1mGenerating Lisp code from darknet_ros_msgs/CheckForObjectsFeedback.msg[0m
[ 48%] Built target darknet_ros_msgs_generate_messages_nodejs
[ 50%] [34m[1mGenerating Lisp code from darknet_ros_msgs/BoundingBox.msg[0m
[35m[1mScanning dependencies of target darknet_ros_msgs_generate_messages_eus[0m
[ 51%] [34m[1mGenerating EusLisp code from darknet_ros_msgs/CheckForObjectsActionResult.msg[0m
[ 53%] [34m[1mGenerating Lisp code from darknet_ros_msgs/BoundingBoxes.msg[0m
[ 54%] [34m[1mGenerating C++ code from darknet_ros_msgs/CheckForObjectsAction.msg[0m
[ 56%] [34m[1mGenerating Python from MSG darknet_ros_msgs/ObjectPoint[0m
[ 56%] Built target darknet_ros_msgs_generate_messages_lisp
[ 58%] [34m[1mGenerating EusLisp code from darknet_ros_msgs/CheckForObjectsResult.msg[0m
[ 59%] [34m[1mGenerating EusLisp code from darknet_ros_msgs/CheckForObjectsAction.msg[0m
[ 61%] [34m[1mGenerating Python from MSG darknet_ros_msgs/ObjectArray[0m
[ 62%] [34m[1mGenerating Python from MSG darknet_ros_msgs/CheckForObjectsActionFeedback[0m
[ 64%] [34m[1mGenerating EusLisp code from darknet_ros_msgs/CheckForObjectsGoal.msg[0m
[ 66%] [34m[1mGenerating C++ code from darknet_ros_msgs/CheckForObjectsGoal.msg[0m
[ 67%] [34m[1mGenerating EusLisp code from darknet_ros_msgs/ObjectCount.msg[0m
[ 69%] [34m[1mGenerating EusLisp code from darknet_ros_msgs/CheckForObjectsActionGoal.msg[0m
[ 70%] [34m[1mGenerating Python from MSG darknet_ros_msgs/CheckForObjectsFeedback[0m
[ 72%] [34m[1mGenerating Python from MSG darknet_ros_msgs/BoundingBox[0m
[ 74%] [34m[1mGenerating EusLisp code from darknet_ros_msgs/ObjectPoint.msg[0m
[ 75%] [34m[1mGenerating C++ code from darknet_ros_msgs/ObjectCount.msg[0m
[ 77%] [34m[1mGenerating C++ code from darknet_ros_msgs/CheckForObjectsActionGoal.msg[0m
[ 79%] [34m[1mGenerating EusLisp code from darknet_ros_msgs/ObjectArray.msg[0m
[ 80%] [34m[1mGenerating Python from MSG darknet_ros_msgs/BoundingBoxes[0m
[ 82%] [34m[1mGenerating EusLisp code from darknet_ros_msgs/CheckForObjectsActionFeedback.msg[0m
[ 83%] [34m[1mGenerating Python msg __init__.py for darknet_ros_msgs[0m
[ 85%] [34m[1mGenerating C++ code from darknet_ros_msgs/ObjectPoint.msg[0m
[ 87%] [34m[1mGenerating C++ code from darknet_ros_msgs/ObjectArray.msg[0m
[ 88%] [34m[1mGenerating EusLisp code from darknet_ros_msgs/CheckForObjectsFeedback.msg[0m
[ 90%] [34m[1mGenerating EusLisp code from darknet_ros_msgs/BoundingBox.msg[0m
[ 90%] Built target darknet_ros_msgs_generate_messages_py
[ 91%] [34m[1mGenerating EusLisp code from darknet_ros_msgs/BoundingBoxes.msg[0m
[ 93%] [34m[1mGenerating C++ code from darknet_ros_msgs/CheckForObjectsActionFeedback.msg[0m
[ 95%] [34m[1mGenerating C++ code from darknet_ros_msgs/CheckForObjectsFeedback.msg[0m
[ 96%] [34m[1mGenerating C++ code from darknet_ros_msgs/BoundingBox.msg[0m
[ 98%] [34m[1mGenerating EusLisp manifest code for darknet_ros_msgs[0m
[100%] [34m[1mGenerating C++ code from darknet_ros_msgs/BoundingBoxes.msg[0m
[100%] Built target darknet_ros_msgs_generate_messages_cpp
[100%] Built target darknet_ros_msgs_generate_messages_eus
[35m[1mScanning dependencies of target darknet_ros_msgs_generate_messages[0m
[100%] Built target darknet_ros_msgs_generate_messages
