Not searching for unused variables given on the command line.
-- Using CATKIN_DEVEL_PREFIX: /home/soo/object_mapping/devel/.private/darknet_ros_msgs
-- Using CMAKE_PREFIX_PATH: /home/soo/object_mapping/devel;/home/soo/FlyMeToTheHome/devel;/opt/ros/melodic
-- This workspace overlays: /home/soo/object_mapping/devel;/home/soo/FlyMeToTheHome/devel;/opt/ros/melodic
-- Found PythonInterp: /usr/bin/python2 (found suitable version "2.7.17", minimum required is "2")
-- Using PYTHON_EXECUTABLE: /usr/bin/python2
-- Using Debian Python package layout
-- Using empy: /usr/bin/empy
-- Using CATKIN_ENABLE_TESTING: ON
-- Call enable_testing()
-- Using CATKIN_TEST_RESULTS_DIR: /home/soo/object_mapping/build/darknet_ros_msgs/test_results
-- Found gtest sources under '/usr/src/googletest': gtests will be built
-- Found gmock sources under '/usr/src/googletest': gmock will be built
-- Found PythonInterp: /usr/bin/python2 (found version "2.7.17")
-- Using Python nosetests: /usr/bin/nosetests-2.7
-- catkin 0.7.28
-- BUILD_SHARED_LIBS is on
-- Using these message generators: gencpp;geneus;genlisp;gennodejs;genpy
-- Generating .msg files for action darknet_ros_msgs/CheckForObjects /home/soo/object_mapping/src/darknet_ros/darknet_ros_msgs/action/CheckForObjects.action
-- darknet_ros_msgs: 12 messages, 0 services
-- Configuring done
-- Generating done
-- Build files have been written to: /home/soo/object_mapping/build/darknet_ros_msgs
