Determining if the pthread_create exist failed with the following output:
Change Dir: /home/soo/object_mapping/build/catkin_tools_prebuild/CMakeFiles/CMakeTmp

Run Build Command:"/usr/bin/make" "cmTC_9eebb/fast"
/usr/bin/make -f CMakeFiles/cmTC_9eebb.dir/build.make CMakeFiles/cmTC_9eebb.dir/build
make[1]: 디렉터리 '/home/soo/object_mapping/build/catkin_tools_prebuild/CMakeFiles/CMakeTmp' 들어감
Building C object CMakeFiles/cmTC_9eebb.dir/CheckSymbolExists.c.o
/usr/bin/cc    -o CMakeFiles/cmTC_9eebb.dir/CheckSymbolExists.c.o   -c /home/soo/object_mapping/build/catkin_tools_prebuild/CMakeFiles/CMakeTmp/CheckSymbolExists.c
Linking C executable cmTC_9eebb
/usr/bin/cmake -E cmake_link_script CMakeFiles/cmTC_9eebb.dir/link.txt --verbose=1
/usr/bin/cc      -rdynamic CMakeFiles/cmTC_9eebb.dir/CheckSymbolExists.c.o  -o cmTC_9eebb 
CMakeFiles/cmTC_9eebb.dir/CheckSymbolExists.c.o: In function `main':
CheckSymbolExists.c:(.text+0x1b): undefined reference to `pthread_create'
collect2: error: ld returned 1 exit status
CMakeFiles/cmTC_9eebb.dir/build.make:97: recipe for target 'cmTC_9eebb' failed
make[1]: *** [cmTC_9eebb] Error 1
make[1]: 디렉터리 '/home/soo/object_mapping/build/catkin_tools_prebuild/CMakeFiles/CMakeTmp' 나감
Makefile:126: recipe for target 'cmTC_9eebb/fast' failed
make: *** [cmTC_9eebb/fast] Error 2

File /home/soo/object_mapping/build/catkin_tools_prebuild/CMakeFiles/CMakeTmp/CheckSymbolExists.c:
/* */
#include <pthread.h>

int main(int argc, char** argv)
{
  (void)argv;
#ifndef pthread_create
  return ((int*)(&pthread_create))[argc];
#else
  (void)argc;
  return 0;
#endif
}

Determining if the function pthread_create exists in the pthreads failed with the following output:
Change Dir: /home/soo/object_mapping/build/catkin_tools_prebuild/CMakeFiles/CMakeTmp

Run Build Command:"/usr/bin/make" "cmTC_02bde/fast"
/usr/bin/make -f CMakeFiles/cmTC_02bde.dir/build.make CMakeFiles/cmTC_02bde.dir/build
make[1]: 디렉터리 '/home/soo/object_mapping/build/catkin_tools_prebuild/CMakeFiles/CMakeTmp' 들어감
Building C object CMakeFiles/cmTC_02bde.dir/CheckFunctionExists.c.o
/usr/bin/cc   -DCHECK_FUNCTION_EXISTS=pthread_create   -o CMakeFiles/cmTC_02bde.dir/CheckFunctionExists.c.o   -c /usr/share/cmake-3.10/Modules/CheckFunctionExists.c
Linking C executable cmTC_02bde
/usr/bin/cmake -E cmake_link_script CMakeFiles/cmTC_02bde.dir/link.txt --verbose=1
/usr/bin/cc  -DCHECK_FUNCTION_EXISTS=pthread_create    -rdynamic CMakeFiles/cmTC_02bde.dir/CheckFunctionExists.c.o  -o cmTC_02bde -lpthreads 
/usr/bin/ld: cannot find -lpthreads
collect2: error: ld returned 1 exit status
CMakeFiles/cmTC_02bde.dir/build.make:97: recipe for target 'cmTC_02bde' failed
make[1]: *** [cmTC_02bde] Error 1
make[1]: 디렉터리 '/home/soo/object_mapping/build/catkin_tools_prebuild/CMakeFiles/CMakeTmp' 나감
Makefile:126: recipe for target 'cmTC_02bde/fast' failed
make: *** [cmTC_02bde/fast] Error 2


