[  0%] Built target tf2_msgs_generate_messages_nodejs
[  0%] Built target geometry_msgs_generate_messages_py
[  0%] Built target darknet_ros_msgs_generate_messages_eus
[  0%] Built target darknet_ros_msgs_generate_messages_cpp
[  0%] Built target darknet_ros_msgs_generate_messages_py
[  0%] Built target tf2_msgs_generate_messages_py
[  0%] Built target tf2_msgs_generate_messages_lisp
[  0%] Built target tf2_msgs_generate_messages_eus
[  0%] Built target actionlib_msgs_generate_messages_lisp
[  0%] Built target actionlib_generate_messages_py
[  0%] Built target actionlib_msgs_generate_messages_py
[  0%] Built target tf2_msgs_generate_messages_cpp
[  0%] Built target actionlib_msgs_generate_messages_cpp
[  0%] Built target actionlib_msgs_generate_messages_eus
[  0%] Built target actionlib_generate_messages_nodejs
[  0%] Built target actionlib_generate_messages_lisp
[  0%] Built target actionlib_generate_messages_eus
[  0%] Built target darknet_ros_msgs_generate_messages_nodejs
[  0%] Built target rosgraph_msgs_generate_messages_nodejs
[  0%] Built target std_msgs_generate_messages_eus
[  0%] Built target rosgraph_msgs_generate_messages_py
[  0%] Built target rosgraph_msgs_generate_messages_lisp
[  0%] Built target roscpp_generate_messages_py
[  0%] Built target rosgraph_msgs_generate_messages_eus
[  0%] Built target tf_generate_messages_eus
[  0%] Built target geometry_msgs_generate_messages_eus
[  0%] Built target rosgraph_msgs_generate_messages_cpp
[  0%] Built target std_msgs_generate_messages_py
[  0%] Built target tf_generate_messages_lisp
[  0%] Built target darknet_ros_msgs_generate_messages_lisp
[  0%] Built target roscpp_generate_messages_nodejs
[  0%] Built target roscpp_generate_messages_eus
[  0%] Built target std_msgs_generate_messages_cpp
[  0%] Built target actionlib_msgs_generate_messages_nodejs
[  0%] Built target roscpp_generate_messages_lisp
[  0%] Built target geometry_msgs_generate_messages_nodejs
[  0%] Built target tf_generate_messages_py
[  0%] Built target tf_generate_messages_nodejs
[  0%] Built target std_msgs_generate_messages_lisp
[  0%] Built target sensor_msgs_generate_messages_py
[  0%] Built target sensor_msgs_generate_messages_eus
[  0%] Built target sensor_msgs_generate_messages_cpp
[  0%] Built target actionlib_generate_messages_cpp
[  0%] Built target tf_generate_messages_cpp
[  0%] Built target std_msgs_generate_messages_nodejs
[  0%] Built target sensor_msgs_generate_messages_nodejs
[  0%] Built target sensor_msgs_generate_messages_lisp
[  0%] Built target geometry_msgs_generate_messages_cpp
[  0%] Built target roscpp_generate_messages_cpp
[  0%] Built target geometry_msgs_generate_messages_lisp
[ 50%] [32mBuilding CXX object CMakeFiles/object_recognition.dir/src/object_recognition.cpp.o[0m
[01m[K/home/soo/object_mapping/src/object_mapping/src/object_recognition.cpp:79:18:[m[K [01;31m[Kerror: [m[KISO C++ forbids declaration of '[01m[KDObjectMapping[m[K' with no type [[01;31m[K-fpermissive[m[K]
   DObjectMapping([01;31m[K)[m[K{
                  [01;31m[K^[m[K
[01m[K/home/soo/object_mapping/src/object_mapping/src/object_recognition.cpp:92:18:[m[K [01;31m[Kerror: [m[Kexpected class-name before '[01m[K([m[K' token
   ~DObjectMapping[01;31m[K([m[K){}
                  [01;31m[K^[m[K
CMakeFiles/object_recognition.dir/build.make:62: recipe for target 'CMakeFiles/object_recognition.dir/src/object_recognition.cpp.o' failed
make[2]: *** [CMakeFiles/object_recognition.dir/src/object_recognition.cpp.o] Error 1
CMakeFiles/Makefile2:852: recipe for target 'CMakeFiles/object_recognition.dir/all' failed
make[1]: *** [CMakeFiles/object_recognition.dir/all] Error 2
Makefile:140: recipe for target 'all' failed
make: *** [all] Error 2
