-- Using CATKIN_DEVEL_PREFIX: /home/soo/object_mapping/devel/.private/object_mapping
-- Using CMAKE_PREFIX_PATH: /home/soo/object_mapping/devel;/home/soo/FlyMeToTheHome/devel;/opt/ros/melodic
-- This workspace overlays: /home/soo/object_mapping/devel;/home/soo/FlyMeToTheHome/devel;/opt/ros/melodic
-- Found PythonInterp: /usr/bin/python2 (found suitable version "2.7.17", minimum required is "2")
-- Using PYTHON_EXECUTABLE: /usr/bin/python2
-- Using Debian Python package layout
-- Using empy: /usr/bin/empy
-- Using CATKIN_ENABLE_TESTING: ON
-- Call enable_testing()
-- Using CATKIN_TEST_RESULTS_DIR: /home/soo/object_mapping/build/object_mapping/test_results
-- Found gtest sources under '/usr/src/googletest': gtests will be built
-- Found gmock sources under '/usr/src/googletest': gmock will be built
-- Found PythonInterp: /usr/bin/python2 (found version "2.7.17")
-- Using Python nosetests: /usr/bin/nosetests-2.7
-- catkin 0.7.28
-- BUILD_SHARED_LIBS is on
-- Using these message generators: gencpp;geneus;genlisp;gennodejs;genpy
CMake Error at /opt/ros/melodic/share/genmsg/cmake/genmsg-extras.cmake:94 (message):
  add_message_files() directory not found:
  /home/soo/object_mapping/src/object_mapping/msg
Call Stack (most recent call first):
  CMakeLists.txt:57 (add_message_files)


-- Configuring incomplete, errors occurred!
See also "/home/soo/object_mapping/build/object_mapping/CMakeFiles/CMakeOutput.log".
See also "/home/soo/object_mapping/build/object_mapping/CMakeFiles/CMakeError.log".
Makefile:1064: recipe for target 'cmake_check_build_system' failed
make: *** [cmake_check_build_system] Error 1
