[  0%] Built target darknet_ros_msgs_generate_messages_py
[  0%] Built target darknet_ros_msgs_generate_messages_eus
[  0%] Built target geometry_msgs_generate_messages_py
[  0%] Built target tf2_msgs_generate_messages_nodejs
[  0%] Built target tf2_msgs_generate_messages_py
[  0%] Built target darknet_ros_msgs_generate_messages_cpp
[  0%] Built target tf2_msgs_generate_messages_lisp
[  0%] Built target tf2_msgs_generate_messages_eus
[  0%] Built target tf2_msgs_generate_messages_cpp
[  0%] Built target actionlib_msgs_generate_messages_eus
[  0%] Built target actionlib_msgs_generate_messages_lisp
[  0%] Built target actionlib_msgs_generate_messages_py
[  0%] Built target actionlib_generate_messages_py
[  0%] Built target actionlib_msgs_generate_messages_cpp
[  0%] Built target actionlib_generate_messages_nodejs
[  0%] Built target actionlib_generate_messages_lisp
[  0%] Built target darknet_ros_msgs_generate_messages_nodejs
[  0%] Built target actionlib_generate_messages_eus
[  0%] Built target rosgraph_msgs_generate_messages_nodejs
[  0%] Built target rosgraph_msgs_generate_messages_py
[  0%] Built target std_msgs_generate_messages_eus
[  0%] Built target rosgraph_msgs_generate_messages_lisp
[  0%] Built target rosgraph_msgs_generate_messages_eus
[  0%] Built target tf_generate_messages_eus
[  0%] Built target rosgraph_msgs_generate_messages_cpp
[  0%] Built target roscpp_generate_messages_py
[  0%] Built target std_msgs_generate_messages_py
[  0%] Built target geometry_msgs_generate_messages_eus
[  0%] Built target roscpp_generate_messages_nodejs
[  0%] Built target roscpp_generate_messages_eus
[  0%] Built target roscpp_generate_messages_lisp
[  0%] Built target tf_generate_messages_lisp
[  0%] Built target actionlib_msgs_generate_messages_nodejs
[  0%] Built target std_msgs_generate_messages_cpp
[  0%] Built target darknet_ros_msgs_generate_messages_lisp
[  0%] Built target geometry_msgs_generate_messages_nodejs
[  0%] Built target tf_generate_messages_py
[  0%] Built target sensor_msgs_generate_messages_py
[  0%] Built target std_msgs_generate_messages_lisp
[  0%] Built target tf_generate_messages_nodejs
[  0%] Built target sensor_msgs_generate_messages_cpp
[  0%] Built target tf_generate_messages_cpp
[  0%] Built target sensor_msgs_generate_messages_eus
[  0%] Built target std_msgs_generate_messages_nodejs
[  0%] Built target sensor_msgs_generate_messages_lisp
[  0%] Built target actionlib_generate_messages_cpp
[  0%] Built target sensor_msgs_generate_messages_nodejs
[  0%] Built target roscpp_generate_messages_cpp
[  0%] Built target geometry_msgs_generate_messages_lisp
[  0%] Built target geometry_msgs_generate_messages_cpp
[35m[1mScanning dependencies of target object_mapping[0m
[ 50%] [32mBuilding CXX object CMakeFiles/object_mapping.dir/src/object_mapping.cpp.o[0m
[01m[K/home/soo/object_mapping/src/object_mapping/src/object_mapping.cpp:[m[K In member function '[01m[Kvoid DObjectMapping::main()[m[K':
[01m[K/home/soo/object_mapping/src/object_mapping/src/object_mapping.cpp:302:61:[m[K [01;31m[Kerror: [m[K'[01m[Ktf_fcu[m[K' was not declared in this scope
             ls.lookupTransform("map","vehicle",ros::Time(0),[01;31m[Ktf_fcu[m[K);
                                                             [01;31m[K^~~~~~[m[K
[01m[K/home/soo/object_mapping/src/object_mapping/src/object_mapping.cpp:302:61:[m[K [01;36m[Knote: [m[Ksuggested alternative: '[01m[Ktf_gps[m[K'
             ls.lookupTransform("map","vehicle",ros::Time(0),[01;36m[Ktf_fcu[m[K);
                                                             [01;36m[K^~~~~~[m[K
                                                             [32m[Ktf_gps[m[K
CMakeFiles/object_mapping.dir/build.make:62: recipe for target 'CMakeFiles/object_mapping.dir/src/object_mapping.cpp.o' failed
make[2]: *** [CMakeFiles/object_mapping.dir/src/object_mapping.cpp.o] Error 1
make[1]: *** [CMakeFiles/object_mapping.dir/all] Error 2
CMakeFiles/Makefile2:116: recipe for target 'CMakeFiles/object_mapping.dir/all' failed
Makefile:140: recipe for target 'all' failed
make: *** [all] Error 2
